<?xml version="1.0" encoding="UTF-8"?>
<testsuite xmlns:xsi="http://www.w3.org/2001/XMLSchema-instance" xsi:noNamespaceSchemaLocation="https://maven.apache.org/surefire/maven-surefire-plugin/xsd/surefire-test-report.xsd" name="com.qzt.hadoop.AppTest" time="0.027" tests="1" errors="0" skipped="0" failures="0">
  <properties>
    <property name="sun.desktop" value="windows"/>
    <property name="awt.toolkit" value="sun.awt.windows.WToolkit"/>
    <property name="file.encoding.pkg" value="sun.io"/>
    <property name="java.specification.version" value="1.8"/>
    <property name="sun.cpu.isalist" value="amd64"/>
    <property name="sun.jnu.encoding" value="GBK"/>
    <property name="java.class.path" value="F:\hadoop\target\test-classes;F:\hadoop\target\classes;E:\maven\apache-maven-3.5.3\repository\junit\junit\4.11\junit-4.11.jar;E:\maven\apache-maven-3.5.3\repository\org\hamcrest\hamcrest-core\1.3\hamcrest-core-1.3.jar;E:\maven\apache-maven-3.5.3\repository\org\apache\hadoop\hadoop-client\2.6.0\hadoop-client-2.6.0.jar;E:\maven\apache-maven-3.5.3\repository\org\apache\hadoop\hadoop-common\2.6.0\hadoop-common-2.6.0.jar;E:\maven\apache-maven-3.5.3\repository\com\google\guava\guava\11.0.2\guava-11.0.2.jar;E:\maven\apache-maven-3.5.3\repository\commons-cli\commons-cli\1.2\commons-cli-1.2.jar;E:\maven\apache-maven-3.5.3\repository\org\apache\commons\commons-math3\3.1.1\commons-math3-3.1.1.jar;E:\maven\apache-maven-3.5.3\repository\xmlenc\xmlenc\0.52\xmlenc-0.52.jar;E:\maven\apache-maven-3.5.3\repository\commons-httpclient\commons-httpclient\3.1\commons-httpclient-3.1.jar;E:\maven\apache-maven-3.5.3\repository\commons-codec\commons-codec\1.4\commons-codec-1.4.jar;E:\maven\apache-maven-3.5.3\repository\commons-io\commons-io\2.4\commons-io-2.4.jar;E:\maven\apache-maven-3.5.3\repository\commons-net\commons-net\3.1\commons-net-3.1.jar;E:\maven\apache-maven-3.5.3\repository\commons-collections\commons-collections\3.2.1\commons-collections-3.2.1.jar;E:\maven\apache-maven-3.5.3\repository\commons-logging\commons-logging\1.1.3\commons-logging-1.1.3.jar;E:\maven\apache-maven-3.5.3\repository\log4j\log4j\1.2.17\log4j-1.2.17.jar;E:\maven\apache-maven-3.5.3\repository\commons-lang\commons-lang\2.6\commons-lang-2.6.jar;E:\maven\apache-maven-3.5.3\repository\commons-configuration\commons-configuration\1.6\commons-configuration-1.6.jar;E:\maven\apache-maven-3.5.3\repository\commons-digester\commons-digester\1.8\commons-digester-1.8.jar;E:\maven\apache-maven-3.5.3\repository\commons-beanutils\commons-beanutils\1.7.0\commons-beanutils-1.7.0.jar;E:\maven\apache-maven-3.5.3\repository\commons-beanutils\commons-beanutils-core\1.8.0\commons-beanutils-core-1.8.0.jar;E:\maven\apache-maven-3.5.3\repository\org\slf4j\slf4j-api\1.7.5\slf4j-api-1.7.5.jar;E:\maven\apache-maven-3.5.3\repository\org\slf4j\slf4j-log4j12\1.7.5\slf4j-log4j12-1.7.5.jar;E:\maven\apache-maven-3.5.3\repository\org\codehaus\jackson\jackson-core-asl\1.9.13\jackson-core-asl-1.9.13.jar;E:\maven\apache-maven-3.5.3\repository\org\codehaus\jackson\jackson-mapper-asl\1.9.13\jackson-mapper-asl-1.9.13.jar;E:\maven\apache-maven-3.5.3\repository\org\apache\avro\avro\1.7.4\avro-1.7.4.jar;E:\maven\apache-maven-3.5.3\repository\com\thoughtworks\paranamer\paranamer\2.3\paranamer-2.3.jar;E:\maven\apache-maven-3.5.3\repository\org\xerial\snappy\snappy-java\1.0.4.1\snappy-java-1.0.4.1.jar;E:\maven\apache-maven-3.5.3\repository\com\google\protobuf\protobuf-java\2.5.0\protobuf-java-2.5.0.jar;E:\maven\apache-maven-3.5.3\repository\com\google\code\gson\gson\2.2.4\gson-2.2.4.jar;E:\maven\apache-maven-3.5.3\repository\org\apache\hadoop\hadoop-auth\2.6.0\hadoop-auth-2.6.0.jar;E:\maven\apache-maven-3.5.3\repository\org\apache\httpcomponents\httpclient\4.2.5\httpclient-4.2.5.jar;E:\maven\apache-maven-3.5.3\repository\org\apache\httpcomponents\httpcore\4.2.4\httpcore-4.2.4.jar;E:\maven\apache-maven-3.5.3\repository\org\apache\directory\server\apacheds-kerberos-codec\2.0.0-M15\apacheds-kerberos-codec-2.0.0-M15.jar;E:\maven\apache-maven-3.5.3\repository\org\apache\directory\server\apacheds-i18n\2.0.0-M15\apacheds-i18n-2.0.0-M15.jar;E:\maven\apache-maven-3.5.3\repository\org\apache\directory\api\api-asn1-api\1.0.0-M20\api-asn1-api-1.0.0-M20.jar;E:\maven\apache-maven-3.5.3\repository\org\apache\directory\api\api-util\1.0.0-M20\api-util-1.0.0-M20.jar;E:\maven\apache-maven-3.5.3\repository\org\apache\curator\curator-framework\2.6.0\curator-framework-2.6.0.jar;E:\maven\apache-maven-3.5.3\repository\org\apache\curator\curator-client\2.6.0\curator-client-2.6.0.jar;E:\maven\apache-maven-3.5.3\repository\org\apache\curator\curator-recipes\2.6.0\curator-recipes-2.6.0.jar;E:\maven\apache-maven-3.5.3\repository\com\google\code\findbugs\jsr305\1.3.9\jsr305-1.3.9.jar;E:\maven\apache-maven-3.5.3\repository\org\htrace\htrace-core\3.0.4\htrace-core-3.0.4.jar;E:\maven\apache-maven-3.5.3\repository\org\apache\zookeeper\zookeeper\3.4.6\zookeeper-3.4.6.jar;E:\maven\apache-maven-3.5.3\repository\org\apache\commons\commons-compress\1.4.1\commons-compress-1.4.1.jar;E:\maven\apache-maven-3.5.3\repository\org\tukaani\xz\1.0\xz-1.0.jar;E:\maven\apache-maven-3.5.3\repository\org\apache\hadoop\hadoop-hdfs\2.6.0\hadoop-hdfs-2.6.0.jar;E:\maven\apache-maven-3.5.3\repository\org\mortbay\jetty\jetty-util\6.1.26\jetty-util-6.1.26.jar;E:\maven\apache-maven-3.5.3\repository\io\netty\netty\3.6.2.Final\netty-3.6.2.Final.jar;E:\maven\apache-maven-3.5.3\repository\xerces\xercesImpl\2.9.1\xercesImpl-2.9.1.jar;E:\maven\apache-maven-3.5.3\repository\xml-apis\xml-apis\1.3.04\xml-apis-1.3.04.jar;E:\maven\apache-maven-3.5.3\repository\org\apache\hadoop\hadoop-mapreduce-client-app\2.6.0\hadoop-mapreduce-client-app-2.6.0.jar;E:\maven\apache-maven-3.5.3\repository\org\apache\hadoop\hadoop-mapreduce-client-common\2.6.0\hadoop-mapreduce-client-common-2.6.0.jar;E:\maven\apache-maven-3.5.3\repository\org\apache\hadoop\hadoop-yarn-client\2.6.0\hadoop-yarn-client-2.6.0.jar;E:\maven\apache-maven-3.5.3\repository\org\apache\hadoop\hadoop-yarn-server-common\2.6.0\hadoop-yarn-server-common-2.6.0.jar;E:\maven\apache-maven-3.5.3\repository\org\apache\hadoop\hadoop-mapreduce-client-shuffle\2.6.0\hadoop-mapreduce-client-shuffle-2.6.0.jar;E:\maven\apache-maven-3.5.3\repository\org\fusesource\leveldbjni\leveldbjni-all\1.8\leveldbjni-all-1.8.jar;E:\maven\apache-maven-3.5.3\repository\org\apache\hadoop\hadoop-yarn-api\2.6.0\hadoop-yarn-api-2.6.0.jar;E:\maven\apache-maven-3.5.3\repository\org\apache\hadoop\hadoop-mapreduce-client-core\2.6.0\hadoop-mapreduce-client-core-2.6.0.jar;E:\maven\apache-maven-3.5.3\repository\org\apache\hadoop\hadoop-yarn-common\2.6.0\hadoop-yarn-common-2.6.0.jar;E:\maven\apache-maven-3.5.3\repository\javax\xml\bind\jaxb-api\2.2.2\jaxb-api-2.2.2.jar;E:\maven\apache-maven-3.5.3\repository\javax\xml\stream\stax-api\1.0-2\stax-api-1.0-2.jar;E:\maven\apache-maven-3.5.3\repository\javax\activation\activation\1.1\activation-1.1.jar;E:\maven\apache-maven-3.5.3\repository\javax\servlet\servlet-api\2.5\servlet-api-2.5.jar;E:\maven\apache-maven-3.5.3\repository\com\sun\jersey\jersey-core\1.9\jersey-core-1.9.jar;E:\maven\apache-maven-3.5.3\repository\com\sun\jersey\jersey-client\1.9\jersey-client-1.9.jar;E:\maven\apache-maven-3.5.3\repository\org\codehaus\jackson\jackson-jaxrs\1.9.13\jackson-jaxrs-1.9.13.jar;E:\maven\apache-maven-3.5.3\repository\org\codehaus\jackson\jackson-xc\1.9.13\jackson-xc-1.9.13.jar;E:\maven\apache-maven-3.5.3\repository\org\apache\hadoop\hadoop-mapreduce-client-jobclient\2.6.0\hadoop-mapreduce-client-jobclient-2.6.0.jar;E:\maven\apache-maven-3.5.3\repository\org\apache\hadoop\hadoop-annotations\2.6.0\hadoop-annotations-2.6.0.jar;"/>
    <property name="java.vm.vendor" value="Oracle Corporation"/>
    <property name="sun.arch.data.model" value="64"/>
    <property name="user.variant" value=""/>
    <property name="java.vendor.url" value="http://java.oracle.com/"/>
    <property name="user.timezone" value=""/>
    <property name="java.vm.specification.version" value="1.8"/>
    <property name="os.name" value="Windows 10"/>
    <property name="user.country" value="CN"/>
    <property name="sun.java.launcher" value="SUN_STANDARD"/>
    <property name="sun.boot.library.path" value="E:\Program Files\Java\jdk1.8.0_171\jre\bin"/>
    <property name="sun.java.command" value="C:\Users\SSD\AppData\Local\Temp\surefire2870245044979013833\surefirebooter6017192679679598790.jar C:\Users\SSD\AppData\Local\Temp\surefire2870245044979013833 2018-07-11T19-00-11_057-jvmRun1 surefire4868439221564544887tmp surefire_01911043860155295717tmp"/>
    <property name="surefire.test.class.path" value="F:\hadoop\target\test-classes;F:\hadoop\target\classes;E:\maven\apache-maven-3.5.3\repository\junit\junit\4.11\junit-4.11.jar;E:\maven\apache-maven-3.5.3\repository\org\hamcrest\hamcrest-core\1.3\hamcrest-core-1.3.jar;E:\maven\apache-maven-3.5.3\repository\org\apache\hadoop\hadoop-client\2.6.0\hadoop-client-2.6.0.jar;E:\maven\apache-maven-3.5.3\repository\org\apache\hadoop\hadoop-common\2.6.0\hadoop-common-2.6.0.jar;E:\maven\apache-maven-3.5.3\repository\com\google\guava\guava\11.0.2\guava-11.0.2.jar;E:\maven\apache-maven-3.5.3\repository\commons-cli\commons-cli\1.2\commons-cli-1.2.jar;E:\maven\apache-maven-3.5.3\repository\org\apache\commons\commons-math3\3.1.1\commons-math3-3.1.1.jar;E:\maven\apache-maven-3.5.3\repository\xmlenc\xmlenc\0.52\xmlenc-0.52.jar;E:\maven\apache-maven-3.5.3\repository\commons-httpclient\commons-httpclient\3.1\commons-httpclient-3.1.jar;E:\maven\apache-maven-3.5.3\repository\commons-codec\commons-codec\1.4\commons-codec-1.4.jar;E:\maven\apache-maven-3.5.3\repository\commons-io\commons-io\2.4\commons-io-2.4.jar;E:\maven\apache-maven-3.5.3\repository\commons-net\commons-net\3.1\commons-net-3.1.jar;E:\maven\apache-maven-3.5.3\repository\commons-collections\commons-collections\3.2.1\commons-collections-3.2.1.jar;E:\maven\apache-maven-3.5.3\repository\commons-logging\commons-logging\1.1.3\commons-logging-1.1.3.jar;E:\maven\apache-maven-3.5.3\repository\log4j\log4j\1.2.17\log4j-1.2.17.jar;E:\maven\apache-maven-3.5.3\repository\commons-lang\commons-lang\2.6\commons-lang-2.6.jar;E:\maven\apache-maven-3.5.3\repository\commons-configuration\commons-configuration\1.6\commons-configuration-1.6.jar;E:\maven\apache-maven-3.5.3\repository\commons-digester\commons-digester\1.8\commons-digester-1.8.jar;E:\maven\apache-maven-3.5.3\repository\commons-beanutils\commons-beanutils\1.7.0\commons-beanutils-1.7.0.jar;E:\maven\apache-maven-3.5.3\repository\commons-beanutils\commons-beanutils-core\1.8.0\commons-beanutils-core-1.8.0.jar;E:\maven\apache-maven-3.5.3\repository\org\slf4j\slf4j-api\1.7.5\slf4j-api-1.7.5.jar;E:\maven\apache-maven-3.5.3\repository\org\slf4j\slf4j-log4j12\1.7.5\slf4j-log4j12-1.7.5.jar;E:\maven\apache-maven-3.5.3\repository\org\codehaus\jackson\jackson-core-asl\1.9.13\jackson-core-asl-1.9.13.jar;E:\maven\apache-maven-3.5.3\repository\org\codehaus\jackson\jackson-mapper-asl\1.9.13\jackson-mapper-asl-1.9.13.jar;E:\maven\apache-maven-3.5.3\repository\org\apache\avro\avro\1.7.4\avro-1.7.4.jar;E:\maven\apache-maven-3.5.3\repository\com\thoughtworks\paranamer\paranamer\2.3\paranamer-2.3.jar;E:\maven\apache-maven-3.5.3\repository\org\xerial\snappy\snappy-java\1.0.4.1\snappy-java-1.0.4.1.jar;E:\maven\apache-maven-3.5.3\repository\com\google\protobuf\protobuf-java\2.5.0\protobuf-java-2.5.0.jar;E:\maven\apache-maven-3.5.3\repository\com\google\code\gson\gson\2.2.4\gson-2.2.4.jar;E:\maven\apache-maven-3.5.3\repository\org\apache\hadoop\hadoop-auth\2.6.0\hadoop-auth-2.6.0.jar;E:\maven\apache-maven-3.5.3\repository\org\apache\httpcomponents\httpclient\4.2.5\httpclient-4.2.5.jar;E:\maven\apache-maven-3.5.3\repository\org\apache\httpcomponents\httpcore\4.2.4\httpcore-4.2.4.jar;E:\maven\apache-maven-3.5.3\repository\org\apache\directory\server\apacheds-kerberos-codec\2.0.0-M15\apacheds-kerberos-codec-2.0.0-M15.jar;E:\maven\apache-maven-3.5.3\repository\org\apache\directory\server\apacheds-i18n\2.0.0-M15\apacheds-i18n-2.0.0-M15.jar;E:\maven\apache-maven-3.5.3\repository\org\apache\directory\api\api-asn1-api\1.0.0-M20\api-asn1-api-1.0.0-M20.jar;E:\maven\apache-maven-3.5.3\repository\org\apache\directory\api\api-util\1.0.0-M20\api-util-1.0.0-M20.jar;E:\maven\apache-maven-3.5.3\repository\org\apache\curator\curator-framework\2.6.0\curator-framework-2.6.0.jar;E:\maven\apache-maven-3.5.3\repository\org\apache\curator\curator-client\2.6.0\curator-client-2.6.0.jar;E:\maven\apache-maven-3.5.3\repository\org\apache\curator\curator-recipes\2.6.0\curator-recipes-2.6.0.jar;E:\maven\apache-maven-3.5.3\repository\com\google\code\findbugs\jsr305\1.3.9\jsr305-1.3.9.jar;E:\maven\apache-maven-3.5.3\repository\org\htrace\htrace-core\3.0.4\htrace-core-3.0.4.jar;E:\maven\apache-maven-3.5.3\repository\org\apache\zookeeper\zookeeper\3.4.6\zookeeper-3.4.6.jar;E:\maven\apache-maven-3.5.3\repository\org\apache\commons\commons-compress\1.4.1\commons-compress-1.4.1.jar;E:\maven\apache-maven-3.5.3\repository\org\tukaani\xz\1.0\xz-1.0.jar;E:\maven\apache-maven-3.5.3\repository\org\apache\hadoop\hadoop-hdfs\2.6.0\hadoop-hdfs-2.6.0.jar;E:\maven\apache-maven-3.5.3\repository\org\mortbay\jetty\jetty-util\6.1.26\jetty-util-6.1.26.jar;E:\maven\apache-maven-3.5.3\repository\io\netty\netty\3.6.2.Final\netty-3.6.2.Final.jar;E:\maven\apache-maven-3.5.3\repository\xerces\xercesImpl\2.9.1\xercesImpl-2.9.1.jar;E:\maven\apache-maven-3.5.3\repository\xml-apis\xml-apis\1.3.04\xml-apis-1.3.04.jar;E:\maven\apache-maven-3.5.3\repository\org\apache\hadoop\hadoop-mapreduce-client-app\2.6.0\hadoop-mapreduce-client-app-2.6.0.jar;E:\maven\apache-maven-3.5.3\repository\org\apache\hadoop\hadoop-mapreduce-client-common\2.6.0\hadoop-mapreduce-client-common-2.6.0.jar;E:\maven\apache-maven-3.5.3\repository\org\apache\hadoop\hadoop-yarn-client\2.6.0\hadoop-yarn-client-2.6.0.jar;E:\maven\apache-maven-3.5.3\repository\org\apache\hadoop\hadoop-yarn-server-common\2.6.0\hadoop-yarn-server-common-2.6.0.jar;E:\maven\apache-maven-3.5.3\repository\org\apache\hadoop\hadoop-mapreduce-client-shuffle\2.6.0\hadoop-mapreduce-client-shuffle-2.6.0.jar;E:\maven\apache-maven-3.5.3\repository\org\fusesource\leveldbjni\leveldbjni-all\1.8\leveldbjni-all-1.8.jar;E:\maven\apache-maven-3.5.3\repository\org\apache\hadoop\hadoop-yarn-api\2.6.0\hadoop-yarn-api-2.6.0.jar;E:\maven\apache-maven-3.5.3\repository\org\apache\hadoop\hadoop-mapreduce-client-core\2.6.0\hadoop-mapreduce-client-core-2.6.0.jar;E:\maven\apache-maven-3.5.3\repository\org\apache\hadoop\hadoop-yarn-common\2.6.0\hadoop-yarn-common-2.6.0.jar;E:\maven\apache-maven-3.5.3\repository\javax\xml\bind\jaxb-api\2.2.2\jaxb-api-2.2.2.jar;E:\maven\apache-maven-3.5.3\repository\javax\xml\stream\stax-api\1.0-2\stax-api-1.0-2.jar;E:\maven\apache-maven-3.5.3\repository\javax\activation\activation\1.1\activation-1.1.jar;E:\maven\apache-maven-3.5.3\repository\javax\servlet\servlet-api\2.5\servlet-api-2.5.jar;E:\maven\apache-maven-3.5.3\repository\com\sun\jersey\jersey-core\1.9\jersey-core-1.9.jar;E:\maven\apache-maven-3.5.3\repository\com\sun\jersey\jersey-client\1.9\jersey-client-1.9.jar;E:\maven\apache-maven-3.5.3\repository\org\codehaus\jackson\jackson-jaxrs\1.9.13\jackson-jaxrs-1.9.13.jar;E:\maven\apache-maven-3.5.3\repository\org\codehaus\jackson\jackson-xc\1.9.13\jackson-xc-1.9.13.jar;E:\maven\apache-maven-3.5.3\repository\org\apache\hadoop\hadoop-mapreduce-client-jobclient\2.6.0\hadoop-mapreduce-client-jobclient-2.6.0.jar;E:\maven\apache-maven-3.5.3\repository\org\apache\hadoop\hadoop-annotations\2.6.0\hadoop-annotations-2.6.0.jar;"/>
    <property name="sun.cpu.endian" value="little"/>
    <property name="user.home" value="C:\Users\SSD"/>
    <property name="user.language" value="zh"/>
    <property name="java.specification.vendor" value="Oracle Corporation"/>
    <property name="java.home" value="E:\Program Files\Java\jdk1.8.0_171\jre"/>
    <property name="basedir" value="F:\hadoop"/>
    <property name="file.separator" value="\"/>
    <property name="line.separator" value="&#10;"/>
    <property name="java.vm.specification.vendor" value="Oracle Corporation"/>
    <property name="java.specification.name" value="Java Platform API Specification"/>
    <property name="java.awt.graphicsenv" value="sun.awt.Win32GraphicsEnvironment"/>
    <property name="surefire.real.class.path" value="C:\Users\SSD\AppData\Local\Temp\surefire2870245044979013833\surefirebooter6017192679679598790.jar"/>
    <property name="sun.boot.class.path" value="E:\Program Files\Java\jdk1.8.0_171\jre\lib\resources.jar;E:\Program Files\Java\jdk1.8.0_171\jre\lib\rt.jar;E:\Program Files\Java\jdk1.8.0_171\jre\lib\sunrsasign.jar;E:\Program Files\Java\jdk1.8.0_171\jre\lib\jsse.jar;E:\Program Files\Java\jdk1.8.0_171\jre\lib\jce.jar;E:\Program Files\Java\jdk1.8.0_171\jre\lib\charsets.jar;E:\Program Files\Java\jdk1.8.0_171\jre\lib\jfr.jar;E:\Program Files\Java\jdk1.8.0_171\jre\classes"/>
    <property name="user.script" value=""/>
    <property name="sun.management.compiler" value="HotSpot 64-Bit Tiered Compilers"/>
    <property name="java.runtime.version" value="1.8.0_171-b11"/>
    <property name="user.name" value="SSD"/>
    <property name="path.separator" value=";"/>
    <property name="os.version" value="10.0"/>
    <property name="java.endorsed.dirs" value="E:\Program Files\Java\jdk1.8.0_171\jre\lib\endorsed"/>
    <property name="java.runtime.name" value="Java(TM) SE Runtime Environment"/>
    <property name="file.encoding" value="GBK"/>
    <property name="java.vm.name" value="Java HotSpot(TM) 64-Bit Server VM"/>
    <property name="localRepository" value="E:\maven\apache-maven-3.5.3\repository"/>
    <property name="java.vendor.url.bug" value="http://bugreport.sun.com/bugreport/"/>
    <property name="java.io.tmpdir" value="C:\Users\SSD\AppData\Local\Temp\"/>
    <property name="idea.version" value="2018.1.4"/>
    <property name="java.version" value="1.8.0_171"/>
    <property name="user.dir" value="F:\hadoop"/>
    <property name="os.arch" value="amd64"/>
    <property name="java.vm.specification.name" value="Java Virtual Machine Specification"/>
    <property name="java.awt.printerjob" value="sun.awt.windows.WPrinterJob"/>
    <property name="sun.os.patch.level" value=""/>
    <property name="java.library.path" value="E:\Program Files\Java\jdk1.8.0_171\jre\bin;C:\WINDOWS\Sun\Java\bin;C:\WINDOWS\system32;C:\WINDOWS;C:\Program Files (x86)\Common Files\Oracle\Java\javapath;C:\ProgramData\Oracle\Java\javapath;G:\JDK\JDK1.7\bin;C:\WINDOWS\system32;C:\WINDOWS;C:\WINDOWS\System32\Wbem;C:\WINDOWS\System32\WindowsPowerShell\v1.0\;E:\Program Files\Java\jdk1.8.0_171\bin;C:\Program Files\MySQL\MySQL Server 5.5\bin;D:\Git\cmd;D:\Git\bin;D:\Git\mingw32\libexec\git-core;C:\WINDOWS\System32\OpenSSH\;E:\maven\apache-maven-3.5.3\bin;C:\Users\SSD\AppData\Local\Microsoft\WindowsApps;;."/>
    <property name="java.vm.info" value="mixed mode"/>
    <property name="java.vendor" value="Oracle Corporation"/>
    <property name="java.vm.version" value="25.171-b11"/>
    <property name="java.ext.dirs" value="E:\Program Files\Java\jdk1.8.0_171\jre\lib\ext;C:\WINDOWS\Sun\Java\lib\ext"/>
    <property name="sun.io.unicode.encoding" value="UnicodeLittle"/>
    <property name="java.class.version" value="52.0"/>
  </properties>
  <testcase name="shouldAnswerWithTrue" classname="com.qzt.hadoop.AppTest" time="0.002"/>
</testsuite>